<?xml version="1.0" encoding="UTF-8"?>
<testsuite name="com.tsc.test.tests.globalFooter.GF_TC05_VerifyLinksAndPageObjectsForAboutTSCExceptBrand" tests="1" skipped="0" failures="0" errors="0" timestamp="2022-11-29T19:38:05" hostname="VDSMDC000198" time="101.107">
  <properties/>
  <testcase name="GF_TC05_VerifyLinksAndPageObjectsForAboutTSCExceptBrand" classname="com.tsc.test.tests.globalFooter.GF_TC05_VerifyLinksAndPageObjectsForAboutTSCExceptBrand" time="101.107"/>
  <system-out><![CDATA[ in onTestStart method GF_TC05_VerifyLinksAndPageObjectsForAboutTSCExceptBrand-0 start
 in onTestSuccess method GF_TC05_VerifyLinksAndPageObjectsForAboutTSCExceptBrand succeed
]]></system-out>
  <system-err><![CDATA[SLF4J: Failed to load class "org.slf4j.impl.StaticLoggerBinder".
SLF4J: Defaulting to no-operation (NOP) logger implementation
SLF4J: See http://www.slf4j.org/codes.html#StaticLoggerBinder for further details.
Starting ChromeDriver 107.0.5304.62 (1eec40d3a5764881c92085aaee66d25075c159aa-refs/branch-heads/5304@{#942}) on port 19570
Only local connections are allowed.
Please see https://chromedriver.chromium.org/security-considerations for suggestions on keeping ChromeDriver safe.
ChromeDriver was started successfully.
Nov 29, 2022 2:37:48 PM org.openqa.selenium.remote.ProtocolHandshake createSession
INFO: Detected dialect: W3C
]]></system-err>
</testsuite>
